<?xml version="1.0" encoding="UTF-8"?>
<!-- Generated by org.testng.reporters.JUnitReportReporter -->
<testsuite hostname="HYDL-001375A" failures="0" tests="1" name="mzk.PatientPortal.BaseClass.EmergencyContactTest" time="15.505" errors="0" timestamp="2024-04-24T17:20:30 IST" skipped="0">
  <testcase classname="mzk.PatientPortal.BaseClass.EmergencyContactTest" name="PoratlEmergencyContact" time="15.505"/>
  <system-out/>
</testsuite> <!-- mzk.PatientPortal.BaseClass.EmergencyContactTest -->
