<?xml version="1.0" encoding="UTF-8"?>
<!-- Generated by org.testng.reporters.JUnitReportReporter -->
<testsuite hostname="HYDL-001375A" failures="0" tests="1" name="mzk.PatientPortal.BaseClass.FamilyMembersTest" time="7.773" errors="0" timestamp="2024-04-24T17:20:30 IST" skipped="0">
  <testcase classname="mzk.PatientPortal.BaseClass.FamilyMembersTest" name="PatientFamilyMember" time="7.773"/>
  <system-out/>
</testsuite> <!-- mzk.PatientPortal.BaseClass.FamilyMembersTest -->
