<?xml version="1.0" encoding="UTF-8"?>
<!-- Generated by org.testng.reporters.JUnitReportReporter -->
<testsuite hostname="HYDL-001375A" failures="0" tests="2" name="mzk.PatientPortal.BaseClass.RegistrationTest" time="15.025" errors="0" timestamp="2024-04-25T13:27:10 IST" skipped="1">
  <testcase classname="mzk.PatientPortal.BaseClass.RegistrationTest" name="registerPatient" time="4.489"/>
  <system-out/>
  <testcase classname="mzk.PatientPortal.BaseClass.RegistrationTest" name="registerPatient" time="10.536">
    <skipped/>
  </testcase> <!-- registerPatient -->
  <system-out/>
</testsuite> <!-- mzk.PatientPortal.BaseClass.RegistrationTest -->
