<?xml version="1.0" encoding="UTF-8"?>
<!-- Generated by org.testng.reporters.JUnitReportReporter -->
<testsuite hostname="HYDL-001375A" failures="0" tests="1" name="mzk.PatientPortal.BaseClass.ProvideAccessTest" time="15.458" errors="0" timestamp="2024-04-25T13:27:10 IST" skipped="0">
  <testcase classname="mzk.PatientPortal.BaseClass.ProvideAccessTest" name="UserProvideAccess" time="15.458"/>
  <system-out/>
</testsuite> <!-- mzk.PatientPortal.BaseClass.ProvideAccessTest -->
