<?xml version="1.0" encoding="UTF-8"?>
<!-- Generated by org.testng.reporters.JUnitReportReporter -->
<testsuite hostname="HYDL-001375A" failures="0" tests="1" name="mzk.PatientPortal.BaseClass.FamilyMembersTest" time="8.153" errors="0" timestamp="2024-04-25T13:27:10 IST" skipped="0">
  <testcase classname="mzk.PatientPortal.BaseClass.FamilyMembersTest" name="PatientFamilyMember" time="8.153"/>
  <system-out/>
</testsuite> <!-- mzk.PatientPortal.BaseClass.FamilyMembersTest -->
